Determining if the pthread_create exist failed with the following output:
Change Dir: /home/delorean/Desktop/GitHub/2015-ieee-delorean/Raspberry_pi/ROS_Raspberry/catkin_ws/build/CMakeFiles/CMakeTmp

Run Build Command:"/usr/bin/make" "cmTC_9c343/fast"
/usr/bin/make -f CMakeFiles/cmTC_9c343.dir/build.make CMakeFiles/cmTC_9c343.dir/build
make[1]: Entering directory '/home/delorean/Desktop/GitHub/2015-ieee-delorean/Raspberry_pi/ROS_Raspberry/catkin_ws/build/CMakeFiles/CMakeTmp'
Building C object CMakeFiles/cmTC_9c343.dir/CheckSymbolExists.c.o
/usr/bin/cc     -o CMakeFiles/cmTC_9c343.dir/CheckSymbolExists.c.o   -c /home/delorean/Desktop/GitHub/2015-ieee-delorean/Raspberry_pi/ROS_Raspberry/catkin_ws/build/CMakeFiles/CMakeTmp/CheckSymbolExists.c
Linking C executable cmTC_9c343
/usr/bin/cmake -E cmake_link_script CMakeFiles/cmTC_9c343.dir/link.txt --verbose=1
/usr/bin/cc       CMakeFiles/cmTC_9c343.dir/CheckSymbolExists.c.o  -o cmTC_9c343 -rdynamic 
CMakeFiles/cmTC_9c343.dir/CheckSymbolExists.c.o: In function `main':
CheckSymbolExists.c:(.text+0xe): undefined reference to `pthread_create'
CheckSymbolExists.c:(.text+0x12): undefined reference to `pthread_create'
collect2: error: ld returned 1 exit status
CMakeFiles/cmTC_9c343.dir/build.make:97: recipe for target 'cmTC_9c343' failed
make[1]: *** [cmTC_9c343] Error 1
make[1]: Leaving directory '/home/delorean/Desktop/GitHub/2015-ieee-delorean/Raspberry_pi/ROS_Raspberry/catkin_ws/build/CMakeFiles/CMakeTmp'
Makefile:126: recipe for target 'cmTC_9c343/fast' failed
make: *** [cmTC_9c343/fast] Error 2

File /home/delorean/Desktop/GitHub/2015-ieee-delorean/Raspberry_pi/ROS_Raspberry/catkin_ws/build/CMakeFiles/CMakeTmp/CheckSymbolExists.c:
/* */
#include <pthread.h>

int main(int argc, char** argv)
{
  (void)argv;
#ifndef pthread_create
  return ((int*)(&pthread_create))[argc];
#else
  (void)argc;
  return 0;
#endif
}

Determining if the function pthread_create exists in the pthreads failed with the following output:
Change Dir: /home/delorean/Desktop/GitHub/2015-ieee-delorean/Raspberry_pi/ROS_Raspberry/catkin_ws/build/CMakeFiles/CMakeTmp

Run Build Command:"/usr/bin/make" "cmTC_2330d/fast"
/usr/bin/make -f CMakeFiles/cmTC_2330d.dir/build.make CMakeFiles/cmTC_2330d.dir/build
make[1]: Entering directory '/home/delorean/Desktop/GitHub/2015-ieee-delorean/Raspberry_pi/ROS_Raspberry/catkin_ws/build/CMakeFiles/CMakeTmp'
Building C object CMakeFiles/cmTC_2330d.dir/CheckFunctionExists.c.o
/usr/bin/cc    -DCHECK_FUNCTION_EXISTS=pthread_create   -o CMakeFiles/cmTC_2330d.dir/CheckFunctionExists.c.o   -c /usr/share/cmake-3.5/Modules/CheckFunctionExists.c
Linking C executable cmTC_2330d
/usr/bin/cmake -E cmake_link_script CMakeFiles/cmTC_2330d.dir/link.txt --verbose=1
/usr/bin/cc   -DCHECK_FUNCTION_EXISTS=pthread_create    CMakeFiles/cmTC_2330d.dir/CheckFunctionExists.c.o  -o cmTC_2330d -rdynamic -lpthreads 
/usr/bin/ld: cannot find -lpthreads
collect2: error: ld returned 1 exit status
CMakeFiles/cmTC_2330d.dir/build.make:97: recipe for target 'cmTC_2330d' failed
make[1]: *** [cmTC_2330d] Error 1
make[1]: Leaving directory '/home/delorean/Desktop/GitHub/2015-ieee-delorean/Raspberry_pi/ROS_Raspberry/catkin_ws/build/CMakeFiles/CMakeTmp'
Makefile:126: recipe for target 'cmTC_2330d/fast' failed
make: *** [cmTC_2330d/fast] Error 2


